
> coffeestories-webdb@0.1.0 typecheck /Users/gabi/CoffeeAtlas-Web/apps/web
> tsc -p tsconfig.json --noEmit

app/all-beans/AllBeansClient.tsx(78,14): error TS2786: 'Settings' cannot be used as a JSX component.
  Its type 'ForwardRefExoticComponent<Omit<LucideProps, "ref"> & RefAttributes<SVGSVGElement>>' is not a valid JSX element type.
    Type 'ForwardRefExoticComponent<Omit<LucideProps, "ref"> & RefAttributes<SVGSVGElement>>' is not assignable to type '(props: any) => ReactNode | Promise<ReactNode>'.
      Type 'ReactElement<any, string | JSXElementConstructor<any>> | null' is not assignable to type 'ReactNode | Promise<ReactNode>'.
        Type 'ReactElement<any, string | JSXElementConstructor<any>>' is not assignable to type 'ReactNode | Promise<ReactNode>'.
          Property 'children' is missing in type 'ReactElement<any, string | JSXElementConstructor<any>>' but required in type 'ReactPortal'.
app/all-beans/AllBeansClient.tsx(84,14): error TS2786: 'Palette' cannot be used as a JSX component.
  Its type 'ForwardRefExoticComponent<Omit<LucideProps, "ref"> & RefAttributes<SVGSVGElement>>' is not a valid JSX element type.
    Type 'ForwardRefExoticComponent<Omit<LucideProps, "ref"> & RefAttributes<SVGSVGElement>>' is not assignable to type '(props: any) => ReactNode | Promise<ReactNode>'.
      Type 'ReactElement<any, string | JSXElementConstructor<any>> | null' is not assignable to type 'ReactNode | Promise<ReactNode>'.
        Type 'ReactElement<any, string | JSXElementConstructor<any>>' is not assignable to type 'ReactNode | Promise<ReactNode>'.
          Property 'children' is missing in type 'ReactElement<any, string | JSXElementConstructor<any>>' but required in type 'ReactPortal'.
app/all-beans/AllBeansClient.tsx(136,12): error TS2786: 'Link' cannot be used as a JSX component.
  Its type 'ForwardRefExoticComponent<Omit<AnchorHTMLAttributes<HTMLAnchorElement>, keyof LinkProps<any>> & LinkProps<any> & { children?: ReactNode; } & RefAttributes<...>>' is not a valid JSX element type.
    Type 'ForwardRefExoticComponent<Omit<AnchorHTMLAttributes<HTMLAnchorElement>, keyof LinkProps<any>> & LinkProps<any> & { children?: ReactNode; } & RefAttributes<...>>' is not assignable to type '(props: any) => ReactNode | Promise<ReactNode>'.
      Type 'ReactElement<any, string | JSXElementConstructor<any>> | null' is not assignable to type 'ReactNode | Promise<ReactNode>'.
        Type 'ReactElement<any, string | JSXElementConstructor<any>>' is not assignable to type 'ReactNode | Promise<ReactNode>'.
          Property 'children' is missing in type 'ReactElement<any, string | JSXElementConstructor<any>>' but required in type 'ReactPortal'.
app/all-beans/AllBeansClient.tsx(140,14): error TS2786: 'ArrowLeft' cannot be used as a JSX component.
  Its type 'ForwardRefExoticComponent<Omit<LucideProps, "ref"> & RefAttributes<SVGSVGElement>>' is not a valid JSX element type.
    Type 'ForwardRefExoticComponent<Omit<LucideProps, "ref"> & RefAttributes<SVGSVGElement>>' is not assignable to type '(props: any) => ReactNode | Promise<ReactNode>'.
      Type 'ReactElement<any, string | JSXElementConstructor<any>> | null' is not assignable to type 'ReactNode | Promise<ReactNode>'.
        Type 'ReactElement<any, string | JSXElementConstructor<any>>' is not assignable to type 'ReactNode | Promise<ReactNode>'.
          Property 'children' is missing in type 'ReactElement<any, string | JSXElementConstructor<any>>' but required in type 'ReactPortal'.
app/all-beans/AllBeansClient.tsx(170,14): error TS2786: 'Search' cannot be used as a JSX component.
  Its type 'ForwardRefExoticComponent<Omit<LucideProps, "ref"> & RefAttributes<SVGSVGElement>>' is not a valid JSX element type.
    Type 'ForwardRefExoticComponent<Omit<LucideProps, "ref"> & RefAttributes<SVGSVGElement>>' is not assignable to type '(props: any) => ReactNode | Promise<ReactNode>'.
      Type 'ReactElement<any, string | JSXElementConstructor<any>> | null' is not assignable to type 'ReactNode | Promise<ReactNode>'.
        Type 'ReactElement<any, string | JSXElementConstructor<any>>' is not assignable to type 'ReactNode | Promise<ReactNode>'.
          Property 'children' is missing in type 'ReactElement<any, string | JSXElementConstructor<any>>' but required in type 'ReactPortal'.
app/all-beans/AllBeansClient.tsx(181,16): error TS2786: 'Filter' cannot be used as a JSX component.
  Its type 'ForwardRefExoticComponent<Omit<LucideProps, "ref"> & RefAttributes<SVGSVGElement>>' is not a valid JSX element type.
    Type 'ForwardRefExoticComponent<Omit<LucideProps, "ref"> & RefAttributes<SVGSVGElement>>' is not assignable to type '(props: any) => ReactNode | Promise<ReactNode>'.
      Type 'ReactElement<any, string | JSXElementConstructor<any>> | null' is not assignable to type 'ReactNode | Promise<ReactNode>'.
        Type 'ReactElement<any, string | JSXElementConstructor<any>>' is not assignable to type 'ReactNode | Promise<ReactNode>'.
          Property 'children' is missing in type 'ReactElement<any, string | JSXElementConstructor<any>>' but required in type 'ReactPortal'.
app/all-beans/AllBeansClient.tsx(195,14): error TS2786: 'Coffee' cannot be used as a JSX component.
  Its type 'ForwardRefExoticComponent<Omit<LucideProps, "ref"> & RefAttributes<SVGSVGElement>>' is not a valid JSX element type.
    Type 'ForwardRefExoticComponent<Omit<LucideProps, "ref"> & RefAttributes<SVGSVGElement>>' is not assignable to type '(props: any) => ReactNode | Promise<ReactNode>'.
      Type 'ReactElement<any, string | JSXElementConstructor<any>> | null' is not assignable to type 'ReactNode | Promise<ReactNode>'.
        Type 'ReactElement<any, string | JSXElementConstructor<any>>' is not assignable to type 'ReactNode | Promise<ReactNode>'.
          Property 'children' is missing in type 'ReactElement<any, string | JSXElementConstructor<any>>' but required in type 'ReactPortal'.
app/all-beans/AllBeansClient.tsx(228,14): error TS2786: 'Coffee' cannot be used as a JSX component.
  Its type 'ForwardRefExoticComponent<Omit<LucideProps, "ref"> & RefAttributes<SVGSVGElement>>' is not a valid JSX element type.
    Type 'ForwardRefExoticComponent<Omit<LucideProps, "ref"> & RefAttributes<SVGSVGElement>>' is not assignable to type '(props: any) => ReactNode | Promise<ReactNode>'.
      Type 'ReactElement<any, string | JSXElementConstructor<any>> | null' is not assignable to type 'ReactNode | Promise<ReactNode>'.
        Type 'ReactElement<any, string | JSXElementConstructor<any>>' is not assignable to type 'ReactNode | Promise<ReactNode>'.
          Property 'children' is missing in type 'ReactElement<any, string | JSXElementConstructor<any>>' but required in type 'ReactPortal'.
app/HomePageClient.tsx(150,14): error TS2786: 'Palette' cannot be used as a JSX component.
  Its type 'ForwardRefExoticComponent<Omit<LucideProps, "ref"> & RefAttributes<SVGSVGElement>>' is not a valid JSX element type.
    Type 'ForwardRefExoticComponent<Omit<LucideProps, "ref"> & RefAttributes<SVGSVGElement>>' is not assignable to type '(props: any) => ReactNode | Promise<ReactNode>'.
      Type 'ReactElement<any, string | JSXElementConstructor<any>> | null' is not assignable to type 'ReactNode | Promise<ReactNode>'.
        Type 'ReactElement<any, string | JSXElementConstructor<any>>' is not assignable to type 'ReactNode | Promise<ReactNode>'.
          Property 'children' is missing in type 'ReactElement<any, string | JSXElementConstructor<any>>' but required in type 'ReactPortal'.
app/HomePageClient.tsx(220,14): error TS2786: 'Search' cannot be used as a JSX component.
  Its type 'ForwardRefExoticComponent<Omit<LucideProps, "ref"> & RefAttributes<SVGSVGElement>>' is not a valid JSX element type.
    Type 'ForwardRefExoticComponent<Omit<LucideProps, "ref"> & RefAttributes<SVGSVGElement>>' is not assignable to type '(props: any) => ReactNode | Promise<ReactNode>'.
      Type 'ReactElement<any, string | JSXElementConstructor<any>> | null' is not assignable to type 'ReactNode | Promise<ReactNode>'.
        Type 'ReactElement<any, string | JSXElementConstructor<any>>' is not assignable to type 'ReactNode | Promise<ReactNode>'.
          Property 'children' is missing in type 'ReactElement<any, string | JSXElementConstructor<any>>' but required in type 'ReactPortal'.
app/HomePageClient.tsx(231,16): error TS2786: 'Filter' cannot be used as a JSX component.
  Its type 'ForwardRefExoticComponent<Omit<LucideProps, "ref"> & RefAttributes<SVGSVGElement>>' is not a valid JSX element type.
    Type 'ForwardRefExoticComponent<Omit<LucideProps, "ref"> & RefAttributes<SVGSVGElement>>' is not assignable to type '(props: any) => ReactNode | Promise<ReactNode>'.
      Type 'ReactElement<any, string | JSXElementConstructor<any>> | null' is not assignable to type 'ReactNode | Promise<ReactNode>'.
        Type 'ReactElement<any, string | JSXElementConstructor<any>>' is not assignable to type 'ReactNode | Promise<ReactNode>'.
          Property 'children' is missing in type 'ReactElement<any, string | JSXElementConstructor<any>>' but required in type 'ReactPortal'.
app/HomePageClient.tsx(556,18): error TS2786: 'Coffee' cannot be used as a JSX component.
  Its type 'ForwardRefExoticComponent<Omit<LucideProps, "ref"> & RefAttributes<SVGSVGElement>>' is not a valid JSX element type.
    Type 'ForwardRefExoticComponent<Omit<LucideProps, "ref"> & RefAttributes<SVGSVGElement>>' is not assignable to type '(props: any) => ReactNode | Promise<ReactNode>'.
      Type 'ReactElement<any, string | JSXElementConstructor<any>> | null' is not assignable to type 'ReactNode | Promise<ReactNode>'.
        Type 'ReactElement<any, string | JSXElementConstructor<any>>' is not assignable to type 'ReactNode | Promise<ReactNode>'.
          Property 'children' is missing in type 'ReactElement<any, string | JSXElementConstructor<any>>' but required in type 'ReactPortal'.
app/HomePageClient.tsx(587,14): error TS2786: 'Coffee' cannot be used as a JSX component.
  Its type 'ForwardRefExoticComponent<Omit<LucideProps, "ref"> & RefAttributes<SVGSVGElement>>' is not a valid JSX element type.
    Type 'ForwardRefExoticComponent<Omit<LucideProps, "ref"> & RefAttributes<SVGSVGElement>>' is not assignable to type '(props: any) => ReactNode | Promise<ReactNode>'.
      Type 'ReactElement<any, string | JSXElementConstructor<any>> | null' is not assignable to type 'ReactNode | Promise<ReactNode>'.
        Type 'ReactElement<any, string | JSXElementConstructor<any>>' is not assignable to type 'ReactNode | Promise<ReactNode>'.
          Property 'children' is missing in type 'ReactElement<any, string | JSXElementConstructor<any>>' but required in type 'ReactPortal'.
app/HomePageClient.tsx(620,14): error TS2786: 'Coffee' cannot be used as a JSX component.
  Its type 'ForwardRefExoticComponent<Omit<LucideProps, "ref"> & RefAttributes<SVGSVGElement>>' is not a valid JSX element type.
    Type 'ForwardRefExoticComponent<Omit<LucideProps, "ref"> & RefAttributes<SVGSVGElement>>' is not assignable to type '(props: any) => ReactNode | Promise<ReactNode>'.
      Type 'ReactElement<any, string | JSXElementConstructor<any>> | null' is not assignable to type 'ReactNode | Promise<ReactNode>'.
        Type 'ReactElement<any, string | JSXElementConstructor<any>>' is not assignable to type 'ReactNode | Promise<ReactNode>'.
          Property 'children' is missing in type 'ReactElement<any, string | JSXElementConstructor<any>>' but required in type 'ReactPortal'.
app/layout.tsx(12,13): error TS2322: Type 'React.ReactNode' is not assignable to type 'import("/Users/gabi/CoffeeAtlas-Web/node_modules/.pnpm/@types+react@19.0.10/node_modules/@types/react/index").ReactNode'.
  Type 'ReactElement<any, string | JSXElementConstructor<any>>' is not assignable to type 'ReactNode'.
    Property 'children' is missing in type 'ReactElement<any, string | JSXElementConstructor<any>>' but required in type 'ReactPortal'.
components/AddBeanForm.tsx(150,10): error TS2786: 'ChevronDown' cannot be used as a JSX component.
  Its type 'ForwardRefExoticComponent<Omit<LucideProps, "ref"> & RefAttributes<SVGSVGElement>>' is not a valid JSX element type.
    Type 'ForwardRefExoticComponent<Omit<LucideProps, "ref"> & RefAttributes<SVGSVGElement>>' is not assignable to type '(props: any) => ReactNode | Promise<ReactNode>'.
      Type 'ReactElement<any, string | JSXElementConstructor<any>> | null' is not assignable to type 'ReactNode | Promise<ReactNode>'.
        Type 'ReactElement<any, string | JSXElementConstructor<any>>' is not assignable to type 'ReactNode | Promise<ReactNode>'.
          Property 'children' is missing in type 'ReactElement<any, string | JSXElementConstructor<any>>' but required in type 'ReactPortal'.
components/AddBeanForm.tsx(157,16): error TS2786: 'Search' cannot be used as a JSX component.
  Its type 'ForwardRefExoticComponent<Omit<LucideProps, "ref"> & RefAttributes<SVGSVGElement>>' is not a valid JSX element type.
    Type 'ForwardRefExoticComponent<Omit<LucideProps, "ref"> & RefAttributes<SVGSVGElement>>' is not assignable to type '(props: any) => ReactNode | Promise<ReactNode>'.
      Type 'ReactElement<any, string | JSXElementConstructor<any>> | null' is not assignable to type 'ReactNode | Promise<ReactNode>'.
        Type 'ReactElement<any, string | JSXElementConstructor<any>>' is not assignable to type 'ReactNode | Promise<ReactNode>'.
          Property 'children' is missing in type 'ReactElement<any, string | JSXElementConstructor<any>>' but required in type 'ReactPortal'.
components/AddBeanForm.tsx(199,18): error TS2786: 'Plus' cannot be used as a JSX component.
  Its type 'ForwardRefExoticComponent<Omit<LucideProps, "ref"> & RefAttributes<SVGSVGElement>>' is not a valid JSX element type.
    Type 'ForwardRefExoticComponent<Omit<LucideProps, "ref"> & RefAttributes<SVGSVGElement>>' is not assignable to type '(props: any) => ReactNode | Promise<ReactNode>'.
      Type 'ReactElement<any, string | JSXElementConstructor<any>> | null' is not assignable to type 'ReactNode | Promise<ReactNode>'.
        Type 'ReactElement<any, string | JSXElementConstructor<any>>' is not assignable to type 'ReactNode | Promise<ReactNode>'.
          Property 'children' is missing in type 'ReactElement<any, string | JSXElementConstructor<any>>' but required in type 'ReactPortal'.
 ELIFECYCLE  Command failed with exit code 1.
